f:\projects\fourth semester\calculator\calculator\debug\calculator.pch
f:\projects\fourth semester\calculator\calculator\debug\vc141.pdb
f:\projects\fourth semester\calculator\calculator\debug\vc141.idb
f:\projects\fourth semester\calculator\calculator\debug\stdafx.obj
f:\projects\fourth semester\calculator\calculator\debug\qint.obj
f:\projects\fourth semester\calculator\calculator\debug\qfloat.obj
f:\projects\fourth semester\calculator\calculator\debug\calculatordlg.obj
f:\projects\fourth semester\calculator\calculator\debug\calculator.obj
f:\projects\fourth semester\calculator\debug\calculator.exe
f:\projects\fourth semester\calculator\debug\calculator.ilk
f:\projects\fourth semester\calculator\debug\calculator.pdb
f:\projects\fourth semester\calculator\calculator\debug\calculator.res
f:\projects\fourth semester\calculator\calculator\debug\calculator.tlog\cl.command.1.tlog
f:\projects\fourth semester\calculator\calculator\debug\calculator.tlog\cl.read.1.tlog
f:\projects\fourth semester\calculator\calculator\debug\calculator.tlog\cl.write.1.tlog
f:\projects\fourth semester\calculator\calculator\debug\calculator.tlog\link.command.1.tlog
f:\projects\fourth semester\calculator\calculator\debug\calculator.tlog\link.read.1.tlog
f:\projects\fourth semester\calculator\calculator\debug\calculator.tlog\link.write.1.tlog
f:\projects\fourth semester\calculator\calculator\debug\calculator.tlog\rc.command.1.tlog
f:\projects\fourth semester\calculator\calculator\debug\calculator.tlog\rc.read.1.tlog
f:\projects\fourth semester\calculator\calculator\debug\calculator.tlog\rc.write.1.tlog
