f:\school\ktmt - hn\đồ án 1- bignum\1712791-1712288-1712026\source\userinterface\calculator\x64\debug\calculator.pch
f:\school\ktmt - hn\đồ án 1- bignum\1712791-1712288-1712026\source\userinterface\calculator\x64\debug\vc141.pdb
f:\school\ktmt - hn\đồ án 1- bignum\1712791-1712288-1712026\source\userinterface\calculator\x64\debug\vc141.idb
f:\school\ktmt - hn\đồ án 1- bignum\1712791-1712288-1712026\source\userinterface\calculator\x64\debug\stdafx.obj
f:\school\ktmt - hn\đồ án 1- bignum\1712791-1712288-1712026\source\userinterface\calculator\x64\debug\qint.obj
f:\school\ktmt - hn\đồ án 1- bignum\1712791-1712288-1712026\source\userinterface\calculator\x64\debug\qfloat.obj
f:\school\ktmt - hn\đồ án 1- bignum\1712791-1712288-1712026\source\userinterface\calculator\x64\debug\calculatordlg.obj
f:\school\ktmt - hn\đồ án 1- bignum\1712791-1712288-1712026\source\userinterface\calculator\x64\debug\calculator.obj
f:\school\ktmt - hn\đồ án 1- bignum\1712791-1712288-1712026\source\userinterface\x64\debug\calculator.ilk
f:\school\ktmt - hn\đồ án 1- bignum\1712791-1712288-1712026\source\userinterface\x64\debug\calculator.exe
f:\school\ktmt - hn\đồ án 1- bignum\1712791-1712288-1712026\source\userinterface\x64\debug\calculator.pdb
f:\school\ktmt - hn\đồ án 1- bignum\1712791-1712288-1712026\source\userinterface\calculator\x64\debug\calculator.res
f:\school\ktmt - hn\đồ án 1- bignum\1712791-1712288-1712026\source\userinterface\calculator\x64\debug\calculator.tlog\cl.command.1.tlog
f:\school\ktmt - hn\đồ án 1- bignum\1712791-1712288-1712026\source\userinterface\calculator\x64\debug\calculator.tlog\cl.read.1.tlog
f:\school\ktmt - hn\đồ án 1- bignum\1712791-1712288-1712026\source\userinterface\calculator\x64\debug\calculator.tlog\cl.write.1.tlog
f:\school\ktmt - hn\đồ án 1- bignum\1712791-1712288-1712026\source\userinterface\calculator\x64\debug\calculator.tlog\link.command.1.tlog
f:\school\ktmt - hn\đồ án 1- bignum\1712791-1712288-1712026\source\userinterface\calculator\x64\debug\calculator.tlog\link.read.1.tlog
f:\school\ktmt - hn\đồ án 1- bignum\1712791-1712288-1712026\source\userinterface\calculator\x64\debug\calculator.tlog\link.write.1.tlog
f:\school\ktmt - hn\đồ án 1- bignum\1712791-1712288-1712026\source\userinterface\calculator\x64\debug\calculator.tlog\rc.command.1.tlog
f:\school\ktmt - hn\đồ án 1- bignum\1712791-1712288-1712026\source\userinterface\calculator\x64\debug\calculator.tlog\rc.read.1.tlog
f:\school\ktmt - hn\đồ án 1- bignum\1712791-1712288-1712026\source\userinterface\calculator\x64\debug\calculator.tlog\rc.write.1.tlog
